<?xml version="1.0" encoding="UTF-8"?>
<testng-results ignored="1" total="2" passed="1" failed="0" skipped="0">
  <reporter-output>
  </reporter-output>
  <suite started-at="2024-07-29T17:01:32 IST" name="Default suite" finished-at="2024-07-29T17:01:44 IST" duration-ms="12412">
    <groups>
    </groups>
    <test started-at="2024-07-29T17:01:32 IST" name="Default test" finished-at="2024-07-29T17:01:44 IST" duration-ms="12412">
      <class name="NativeApp.Fdroid_Demo">
        <test-method is-config="true" signature="setup()[pri:0, instance:NativeApp.Fdroid_Demo@4f3bbf68]" started-at="2024-07-29T17:01:32 IST" name="setup" finished-at="2024-07-29T17:01:43 IST" duration-ms="10814" status="PASS">
          <reporter-output>
          </reporter-output>
        </test-method> <!-- setup -->
        <test-method signature="test()[pri:0, instance:NativeApp.Fdroid_Demo@4f3bbf68]" started-at="2024-07-29T17:01:43 IST" name="test" finished-at="2024-07-29T17:01:44 IST" duration-ms="1407" status="PASS">
          <reporter-output>
          </reporter-output>
        </test-method> <!-- test -->
        <test-method is-config="true" signature="at()[pri:0, instance:NativeApp.Fdroid_Demo@4f3bbf68]" started-at="2024-07-29T17:01:44 IST" name="at" finished-at="2024-07-29T17:01:44 IST" duration-ms="1" status="PASS">
          <reporter-output>
          </reporter-output>
        </test-method> <!-- at -->
      </class> <!-- NativeApp.Fdroid_Demo -->
    </test> <!-- Default test -->
  </suite> <!-- Default suite -->
</testng-results>
